<?xml version="1.0" encoding="UTF-8" ?>
<testsuite failures="0" time="0.09" errors="0" skipped="0" tests="1" name="com.bhn.monitor.TestCWMonitor">
  <properties>
    <property name="java.runtime.name" value="Java(TM) SE Runtime Environment"/>
    <property name="sun.boot.library.path" value="/System/Library/Java/JavaVirtualMachines/1.6.0.jdk/Contents/Libraries"/>
    <property name="java.vm.version" value="20.45-b01-451"/>
    <property name="awt.nativeDoubleBuffering" value="true"/>
    <property name="gopherProxySet" value="false"/>
    <property name="mrj.build" value="11M4406"/>
    <property name="java.vm.vendor" value="Apple Inc."/>
    <property name="java.vendor.url" value="http://www.apple.com/"/>
    <property name="path.separator" value=":"/>
    <property name="java.vm.name" value="Java HotSpot(TM) 64-Bit Server VM"/>
    <property name="file.encoding.pkg" value="sun.io"/>
    <property name="user.country" value="US"/>
    <property name="sun.java.launcher" value="SUN_STANDARD"/>
    <property name="sun.os.patch.level" value="unknown"/>
    <property name="java.vm.specification.name" value="Java Virtual Machine Specification"/>
    <property name="user.dir" value="/Users/rholl00/eclipseworkspaces/bhnetwork/bhn-monitor"/>
    <property name="java.runtime.version" value="1.6.0_45-b06-451-11M4406"/>
    <property name="java.awt.graphicsenv" value="apple.awt.CGraphicsEnvironment"/>
    <property name="basedir" value="/Users/rholl00/eclipseworkspaces/bhnetwork/bhn-monitor"/>
    <property name="java.endorsed.dirs" value="/System/Library/Java/JavaVirtualMachines/1.6.0.jdk/Contents/Home/lib/endorsed"/>
    <property name="os.arch" value="x86_64"/>
    <property name="surefire.real.class.path" value="/Users/rholl00/eclipseworkspaces/bhnetwork/bhn-monitor/target/surefire/surefirebooter7894650805698565277.jar:/Users/rholl00/.m2/repository/org/jacoco/org.jacoco.agent/0.6.2.201302030002/org.jacoco.agent-0.6.2.201302030002-runtime.jar"/>
    <property name="java.io.tmpdir" value="/var/folders/j9/gz_x16n50l7dk3ks2t_t847855zxbm/T/"/>
    <property name="line.separator" value="
"/>
    <property name="java.vm.specification.vendor" value="Sun Microsystems Inc."/>
    <property name="os.name" value="Mac OS X"/>
    <property name="sun.jnu.encoding" value="MacRoman"/>
    <property name="java.library.path" value=".:/Users/rholl00/Library/Java/Extensions:/Library/Java/Extensions:/System/Library/Java/Extensions:/usr/lib/java"/>
    <property name="surefire.test.class.path" value="/Users/rholl00/eclipseworkspaces/bhnetwork/bhn-monitor/target/test-classes:/Users/rholl00/eclipseworkspaces/bhnetwork/bhn-monitor/target/classes:/Users/rholl00/.m2/repository/com/amazonaws/aws-java-sdk/1.6.9.1/aws-java-sdk-1.6.9.1.jar:/Users/rholl00/.m2/repository/commons-logging/commons-logging/1.1.1/commons-logging-1.1.1.jar:/Users/rholl00/.m2/repository/org/apache/httpcomponents/httpclient/4.2/httpclient-4.2.jar:/Users/rholl00/.m2/repository/org/apache/httpcomponents/httpcore/4.2/httpcore-4.2.jar:/Users/rholl00/.m2/repository/com/fasterxml/jackson/core/jackson-core/2.1.1/jackson-core-2.1.1.jar:/Users/rholl00/.m2/repository/com/fasterxml/jackson/core/jackson-databind/2.1.1/jackson-databind-2.1.1.jar:/Users/rholl00/.m2/repository/com/fasterxml/jackson/core/jackson-annotations/2.1.1/jackson-annotations-2.1.1.jar:/Users/rholl00/.m2/repository/org/slf4j/slf4j-api/1.7.5/slf4j-api-1.7.5.jar:/Users/rholl00/.m2/repository/ch/qos/logback/logback-classic/1.0.13/logback-classic-1.0.13.jar:/Users/rholl00/.m2/repository/ch/qos/logback/logback-core/1.0.13/logback-core-1.0.13.jar:/Users/rholl00/.m2/repository/junit/junit/4.10/junit-4.10.jar:/Users/rholl00/.m2/repository/org/hamcrest/hamcrest-core/1.1/hamcrest-core-1.1.jar:/Users/rholl00/.m2/repository/commons-configuration/commons-configuration/1.9/commons-configuration-1.9.jar:/Users/rholl00/.m2/repository/com/google/guava/guava/12.0/guava-12.0.jar:/Users/rholl00/.m2/repository/com/google/code/findbugs/jsr305/1.3.9/jsr305-1.3.9.jar:/Users/rholl00/.m2/repository/com/google/code/gson/gson/2.2.4/gson-2.2.4.jar:/Users/rholl00/.m2/repository/org/codehaus/jackson/jackson-mapper-asl/1.9.4/jackson-mapper-asl-1.9.4.jar:/Users/rholl00/.m2/repository/org/codehaus/jackson/jackson-core-asl/1.9.4/jackson-core-asl-1.9.4.jar:/Users/rholl00/.m2/repository/org/springframework/spring-core/3.0.5.RELEASE/spring-core-3.0.5.RELEASE.jar:/Users/rholl00/.m2/repository/org/springframework/spring-asm/3.0.5.RELEASE/spring-asm-3.0.5.RELEASE.jar:/Users/rholl00/.m2/repository/org/springframework/spring-expression/3.0.5.RELEASE/spring-expression-3.0.5.RELEASE.jar:/Users/rholl00/.m2/repository/org/springframework/spring-beans/3.0.5.RELEASE/spring-beans-3.0.5.RELEASE.jar:/Users/rholl00/.m2/repository/org/springframework/spring-aop/3.0.5.RELEASE/spring-aop-3.0.5.RELEASE.jar:/Users/rholl00/.m2/repository/aopalliance/aopalliance/1.0/aopalliance-1.0.jar:/Users/rholl00/.m2/repository/org/springframework/spring-context/3.0.5.RELEASE/spring-context-3.0.5.RELEASE.jar:/Users/rholl00/.m2/repository/org/springframework/spring-context-support/3.0.5.RELEASE/spring-context-support-3.0.5.RELEASE.jar:/Users/rholl00/.m2/repository/org/springframework/spring-test/3.0.5.RELEASE/spring-test-3.0.5.RELEASE.jar:/Users/rholl00/.m2/repository/org/mockito/mockito-all/1.9.0/mockito-all-1.9.0.jar:/Users/rholl00/.m2/repository/hsqldb/hsqldb/1.8.0.7/hsqldb-1.8.0.7.jar:/Users/rholl00/.m2/repository/org/slf4j/slf4j-ext/1.6.1/slf4j-ext-1.6.1.jar:/Users/rholl00/.m2/repository/ch/qos/cal10n/cal10n-api/0.7.4/cal10n-api-0.7.4.jar:/Users/rholl00/.m2/repository/org/slf4j/jcl-over-slf4j/1.6.1/jcl-over-slf4j-1.6.1.jar:/Users/rholl00/.m2/repository/janino/janino/2.5.10/janino-2.5.10.jar:/Users/rholl00/.m2/repository/joda-time/joda-time/1.6.2/joda-time-1.6.2.jar:/Users/rholl00/.m2/repository/net/sf/oval/oval/1.80/oval-1.80.jar:/Users/rholl00/.m2/repository/commons-lang/commons-lang/2.1/commons-lang-2.1.jar:/Users/rholl00/.m2/repository/commons-codec/commons-codec/1.6/commons-codec-1.6.jar:/Users/rholl00/.m2/repository/commons-io/commons-io/2.4/commons-io-2.4.jar:/Users/rholl00/.m2/repository/cglib/cglib/2.2/cglib-2.2.jar:/Users/rholl00/.m2/repository/asm/asm/3.1/asm-3.1.jar:/Users/rholl00/.m2/repository/org/aspectj/aspectjtools/1.6.2/aspectjtools-1.6.2.jar:/Users/rholl00/.m2/repository/org/aspectj/aspectjweaver/1.6.12/aspectjweaver-1.6.12.jar:/Users/rholl00/.m2/repository/com/bhn/licenses/bhn-licenses-config/1.0/bhn-licenses-config-1.0.jar:"/>
    <property name="java.specification.name" value="Java Platform API Specification"/>
    <property name="java.class.version" value="50.0"/>
    <property name="sun.management.compiler" value="HotSpot 64-Bit Tiered Compilers"/>
    <property name="os.version" value="10.7.5"/>
    <property name="user.home" value="/Users/rholl00"/>
    <property name="user.timezone" value=""/>
    <property name="java.awt.printerjob" value="apple.awt.CPrinterJob"/>
    <property name="java.specification.version" value="1.6"/>
    <property name="file.encoding" value="MacRoman"/>
    <property name="user.name" value="rholl00"/>
    <property name="java.class.path" value="/Users/rholl00/eclipseworkspaces/bhnetwork/bhn-monitor/target/test-classes:/Users/rholl00/eclipseworkspaces/bhnetwork/bhn-monitor/target/classes:/Users/rholl00/.m2/repository/com/amazonaws/aws-java-sdk/1.6.9.1/aws-java-sdk-1.6.9.1.jar:/Users/rholl00/.m2/repository/commons-logging/commons-logging/1.1.1/commons-logging-1.1.1.jar:/Users/rholl00/.m2/repository/org/apache/httpcomponents/httpclient/4.2/httpclient-4.2.jar:/Users/rholl00/.m2/repository/org/apache/httpcomponents/httpcore/4.2/httpcore-4.2.jar:/Users/rholl00/.m2/repository/com/fasterxml/jackson/core/jackson-core/2.1.1/jackson-core-2.1.1.jar:/Users/rholl00/.m2/repository/com/fasterxml/jackson/core/jackson-databind/2.1.1/jackson-databind-2.1.1.jar:/Users/rholl00/.m2/repository/com/fasterxml/jackson/core/jackson-annotations/2.1.1/jackson-annotations-2.1.1.jar:/Users/rholl00/.m2/repository/org/slf4j/slf4j-api/1.7.5/slf4j-api-1.7.5.jar:/Users/rholl00/.m2/repository/ch/qos/logback/logback-classic/1.0.13/logback-classic-1.0.13.jar:/Users/rholl00/.m2/repository/ch/qos/logback/logback-core/1.0.13/logback-core-1.0.13.jar:/Users/rholl00/.m2/repository/junit/junit/4.10/junit-4.10.jar:/Users/rholl00/.m2/repository/org/hamcrest/hamcrest-core/1.1/hamcrest-core-1.1.jar:/Users/rholl00/.m2/repository/commons-configuration/commons-configuration/1.9/commons-configuration-1.9.jar:/Users/rholl00/.m2/repository/com/google/guava/guava/12.0/guava-12.0.jar:/Users/rholl00/.m2/repository/com/google/code/findbugs/jsr305/1.3.9/jsr305-1.3.9.jar:/Users/rholl00/.m2/repository/com/google/code/gson/gson/2.2.4/gson-2.2.4.jar:/Users/rholl00/.m2/repository/org/codehaus/jackson/jackson-mapper-asl/1.9.4/jackson-mapper-asl-1.9.4.jar:/Users/rholl00/.m2/repository/org/codehaus/jackson/jackson-core-asl/1.9.4/jackson-core-asl-1.9.4.jar:/Users/rholl00/.m2/repository/org/springframework/spring-core/3.0.5.RELEASE/spring-core-3.0.5.RELEASE.jar:/Users/rholl00/.m2/repository/org/springframework/spring-asm/3.0.5.RELEASE/spring-asm-3.0.5.RELEASE.jar:/Users/rholl00/.m2/repository/org/springframework/spring-expression/3.0.5.RELEASE/spring-expression-3.0.5.RELEASE.jar:/Users/rholl00/.m2/repository/org/springframework/spring-beans/3.0.5.RELEASE/spring-beans-3.0.5.RELEASE.jar:/Users/rholl00/.m2/repository/org/springframework/spring-aop/3.0.5.RELEASE/spring-aop-3.0.5.RELEASE.jar:/Users/rholl00/.m2/repository/aopalliance/aopalliance/1.0/aopalliance-1.0.jar:/Users/rholl00/.m2/repository/org/springframework/spring-context/3.0.5.RELEASE/spring-context-3.0.5.RELEASE.jar:/Users/rholl00/.m2/repository/org/springframework/spring-context-support/3.0.5.RELEASE/spring-context-support-3.0.5.RELEASE.jar:/Users/rholl00/.m2/repository/org/springframework/spring-test/3.0.5.RELEASE/spring-test-3.0.5.RELEASE.jar:/Users/rholl00/.m2/repository/org/mockito/mockito-all/1.9.0/mockito-all-1.9.0.jar:/Users/rholl00/.m2/repository/hsqldb/hsqldb/1.8.0.7/hsqldb-1.8.0.7.jar:/Users/rholl00/.m2/repository/org/slf4j/slf4j-ext/1.6.1/slf4j-ext-1.6.1.jar:/Users/rholl00/.m2/repository/ch/qos/cal10n/cal10n-api/0.7.4/cal10n-api-0.7.4.jar:/Users/rholl00/.m2/repository/org/slf4j/jcl-over-slf4j/1.6.1/jcl-over-slf4j-1.6.1.jar:/Users/rholl00/.m2/repository/janino/janino/2.5.10/janino-2.5.10.jar:/Users/rholl00/.m2/repository/joda-time/joda-time/1.6.2/joda-time-1.6.2.jar:/Users/rholl00/.m2/repository/net/sf/oval/oval/1.80/oval-1.80.jar:/Users/rholl00/.m2/repository/commons-lang/commons-lang/2.1/commons-lang-2.1.jar:/Users/rholl00/.m2/repository/commons-codec/commons-codec/1.6/commons-codec-1.6.jar:/Users/rholl00/.m2/repository/commons-io/commons-io/2.4/commons-io-2.4.jar:/Users/rholl00/.m2/repository/cglib/cglib/2.2/cglib-2.2.jar:/Users/rholl00/.m2/repository/asm/asm/3.1/asm-3.1.jar:/Users/rholl00/.m2/repository/org/aspectj/aspectjtools/1.6.2/aspectjtools-1.6.2.jar:/Users/rholl00/.m2/repository/org/aspectj/aspectjweaver/1.6.12/aspectjweaver-1.6.12.jar:/Users/rholl00/.m2/repository/com/bhn/licenses/bhn-licenses-config/1.0/bhn-licenses-config-1.0.jar:"/>
    <property name="java.vm.specification.version" value="1.0"/>
    <property name="sun.arch.data.model" value="64"/>
    <property name="java.home" value="/System/Library/Java/JavaVirtualMachines/1.6.0.jdk/Contents/Home"/>
    <property name="sun.java.command" value="/Users/rholl00/eclipseworkspaces/bhnetwork/bhn-monitor/target/surefire/surefirebooter7894650805698565277.jar /Users/rholl00/eclipseworkspaces/bhnetwork/bhn-monitor/target/surefire/surefire4606252101248713853tmp /Users/rholl00/eclipseworkspaces/bhnetwork/bhn-monitor/target/surefire/surefire5682771157653746295tmp"/>
    <property name="java.specification.vendor" value="Sun Microsystems Inc."/>
    <property name="user.language" value="en"/>
    <property name="awt.toolkit" value="apple.awt.CToolkit"/>
    <property name="java.vm.info" value="mixed mode"/>
    <property name="java.version" value="1.6.0_45"/>
    <property name="java.ext.dirs" value="/Users/rholl00/Library/Java/Extensions:/Library/Java/Extensions:/System/Library/Java/Extensions:/System/Library/Java/JavaVirtualMachines/1.6.0.jdk/Contents/Home/lib/ext"/>
    <property name="sun.boot.class.path" value="/System/Library/Java/JavaVirtualMachines/1.6.0.jdk/Contents/Classes/jsfd.jar:/System/Library/Java/JavaVirtualMachines/1.6.0.jdk/Contents/Classes/classes.jar:/System/Library/Frameworks/JavaVM.framework/Frameworks/JavaRuntimeSupport.framework/Resources/Java/JavaRuntimeSupport.jar:/System/Library/Java/JavaVirtualMachines/1.6.0.jdk/Contents/Classes/ui.jar:/System/Library/Java/JavaVirtualMachines/1.6.0.jdk/Contents/Classes/laf.jar:/System/Library/Java/JavaVirtualMachines/1.6.0.jdk/Contents/Classes/sunrsasign.jar:/System/Library/Java/JavaVirtualMachines/1.6.0.jdk/Contents/Classes/jsse.jar:/System/Library/Java/JavaVirtualMachines/1.6.0.jdk/Contents/Classes/jce.jar:/System/Library/Java/JavaVirtualMachines/1.6.0.jdk/Contents/Classes/charsets.jar"/>
    <property name="java.vendor" value="Apple Inc."/>
    <property name="localRepository" value="/Users/rholl00/.m2/repository"/>
    <property name="file.separator" value="/"/>
    <property name="java.vendor.url.bug" value="http://bugreport.apple.com/"/>
    <property name="sun.cpu.endian" value="little"/>
    <property name="sun.io.unicode.encoding" value="UnicodeLittle"/>
    <property name="mrj.version" value="1070.1.6.0_45-451"/>
    <property name="sun.cpu.isalist" value=""/>
  </properties>
  <testcase time="0.002" classname="com.bhn.monitor.TestCWMonitor" name="test"/>
</testsuite>